<?xml version="1.0" encoding="UTF-8"?>
<!-- Generated by org.testng.reporters.JUnitReportReporter -->
<testsuite hostname="SSRIVASTAVLT2" name="CICD_Package.CICD_Story1" tests="1" failures="0" timestamp="21 Jan 2020 15:08:25 GMT" time="5.686" errors="0">
  <testcase name="Launch" time="5.686" classname="CICD_Package.CICD_Story1"/>
</testsuite> <!-- CICD_Package.CICD_Story1 -->
