<?xml version="1.0" encoding="UTF-8"?>
<!-- Generated by org.testng.reporters.JUnitReportReporter -->
<testsuite hostname="SSRIVASTAVLT2" name="CICD_Package.CICD_Story2" tests="1" failures="0" timestamp="21 Jan 2020 15:08:25 GMT" time="0.004" errors="0">
  <testcase name="f" time="0.004" classname="CICD_Package.CICD_Story2"/>
</testsuite> <!-- CICD_Package.CICD_Story2 -->
